2024-08-27 14:55:54 [INFO] Starting the BuildTool...
2024-08-27 14:55:54 [INFO] Scanning directory: C:\Users\Damien\CLionProjects\ACE\build-debug\Engine\Source\ArcadiaCore\Modules\BuildTool
2024-08-27 14:55:54 [INFO] Found subdirectory: C:\Users\Damien\CLionProjects\ACE\build-debug\Engine\Source\ArcadiaCore\Modules\BuildTool\CMakeFiles
2024-08-27 14:55:54 [INFO] Found subdirectory: C:\Users\Damien\CLionProjects\ACE\build-debug\Engine\Source\ArcadiaCore\Modules\BuildTool\CMakeFiles\BuildTool.dir
2024-08-27 14:55:54 [INFO] Found subdirectory: C:\Users\Damien\CLionProjects\ACE\build-debug\Engine\Source\ArcadiaCore\Modules\BuildTool\CMakeFiles\BuildTool.dir\Private
2024-08-27 14:55:54 [INFO] Build process completed.
2024-08-27 14:57:06 [INFO] Starting the BuildTool...
2024-08-27 14:57:06 [INFO] Scanning directory: C:\Users\Damien\CLionProjects\ACE\build-debug\Engine\Source\ArcadiaCore\Modules\BuildTool
2024-08-27 14:57:06 [INFO] Found subdirectory: C:\Users\Damien\CLionProjects\ACE\build-debug\Engine\Source\ArcadiaCore\Modules\BuildTool\CMakeFiles
2024-08-27 14:57:06 [INFO] Found subdirectory: C:\Users\Damien\CLionProjects\ACE\build-debug\Engine\Source\ArcadiaCore\Modules\BuildTool\CMakeFiles\BuildTool.dir
2024-08-27 14:57:06 [INFO] Found subdirectory: C:\Users\Damien\CLionProjects\ACE\build-debug\Engine\Source\ArcadiaCore\Modules\BuildTool\CMakeFiles\BuildTool.dir\Private
2024-08-27 14:57:06 [INFO] Build process completed.
2024-08-27 14:59:37 [INFO] Starting the BuildTool...
2024-08-27 14:59:37 [INFO] Scanning directory: C:\Users\Damien\CLionProjects\ACE\build-debug\Engine\Source\ArcadiaCore\Modules\BuildTool
2024-08-27 14:59:37 [INFO] Found subdirectory: C:\Users\Damien\CLionProjects\ACE\build-debug\Engine\Source\ArcadiaCore\Modules\BuildTool\CMakeFiles
2024-08-27 14:59:37 [INFO] Found subdirectory: C:\Users\Damien\CLionProjects\ACE\build-debug\Engine\Source\ArcadiaCore\Modules\BuildTool\CMakeFiles\BuildTool.dir
2024-08-27 14:59:37 [INFO] Found subdirectory: C:\Users\Damien\CLionProjects\ACE\build-debug\Engine\Source\ArcadiaCore\Modules\BuildTool\CMakeFiles\BuildTool.dir\Private
2024-08-27 14:59:37 [INFO] Build process completed.
2024-08-27 15:00:10 [INFO] Starting the BuildTool...
2024-08-27 15:00:10 [INFO] Scanning directory: C:\Users\Damien\CLionProjects\ACE\build-debug\Engine\Source\ArcadiaCore\Modules\BuildTool
2024-08-27 15:00:10 [INFO] Found subdirectory: C:\Users\Damien\CLionProjects\ACE\build-debug\Engine\Source\ArcadiaCore\Modules\BuildTool\CMakeFiles
2024-08-27 15:00:10 [INFO] Found subdirectory: C:\Users\Damien\CLionProjects\ACE\build-debug\Engine\Source\ArcadiaCore\Modules\BuildTool\CMakeFiles\BuildTool.dir
2024-08-27 15:00:10 [INFO] Found subdirectory: C:\Users\Damien\CLionProjects\ACE\build-debug\Engine\Source\ArcadiaCore\Modules\BuildTool\CMakeFiles\BuildTool.dir\Private
2024-08-27 15:00:10 [INFO] Build process completed.
2024-08-27 15:00:22 [INFO] Starting the BuildTool...
2024-08-27 15:00:22 [INFO] Scanning directory: C:\Users\Damien\CLionProjects\ACE\build-debug\Engine\Source\ArcadiaCore\Modules\BuildTool
2024-08-27 15:00:22 [INFO] Found subdirectory: C:\Users\Damien\CLionProjects\ACE\build-debug\Engine\Source\ArcadiaCore\Modules\BuildTool\CMakeFiles
2024-08-27 15:00:22 [INFO] Found subdirectory: C:\Users\Damien\CLionProjects\ACE\build-debug\Engine\Source\ArcadiaCore\Modules\BuildTool\CMakeFiles\BuildTool.dir
2024-08-27 15:00:22 [INFO] Found subdirectory: C:\Users\Damien\CLionProjects\ACE\build-debug\Engine\Source\ArcadiaCore\Modules\BuildTool\CMakeFiles\BuildTool.dir\Private
2024-08-27 15:00:22 [INFO] Build process completed.
2024-08-27 15:05:04 [INFO] Starting the BuildTool...
2024-08-27 15:05:04 [INFO] Scanning directory: C:\Users\Damien\CLionProjects\ACE\build-debug\Engine\Source\ArcadiaCore\Modules\BuildTool
2024-08-27 15:05:04 [INFO] Found subdirectory: C:\Users\Damien\CLionProjects\ACE\build-debug\Engine\Source\ArcadiaCore\Modules\BuildTool\CMakeFiles
2024-08-27 15:05:04 [INFO] Found subdirectory: C:\Users\Damien\CLionProjects\ACE\build-debug\Engine\Source\ArcadiaCore\Modules\BuildTool\CMakeFiles\BuildTool.dir
2024-08-27 15:05:04 [INFO] Found subdirectory: C:\Users\Damien\CLionProjects\ACE\build-debug\Engine\Source\ArcadiaCore\Modules\BuildTool\CMakeFiles\BuildTool.dir\Private
2024-08-27 15:05:04 [INFO] Build process completed.
2024-08-27 15:05:26 [INFO] Starting the BuildTool...
2024-08-27 15:05:26 [INFO] Scanning directory: C:\Users\Damien\CLionProjects\ACE\build-debug\Engine\Source\ArcadiaCore\Modules\BuildTool
2024-08-27 15:05:26 [INFO] Found subdirectory: C:\Users\Damien\CLionProjects\ACE\build-debug\Engine\Source\ArcadiaCore\Modules\BuildTool\CMakeFiles
2024-08-27 15:05:26 [INFO] Found subdirectory: C:\Users\Damien\CLionProjects\ACE\build-debug\Engine\Source\ArcadiaCore\Modules\BuildTool\CMakeFiles\BuildTool.dir
2024-08-27 15:05:26 [INFO] Found subdirectory: C:\Users\Damien\CLionProjects\ACE\build-debug\Engine\Source\ArcadiaCore\Modules\BuildTool\CMakeFiles\BuildTool.dir\Private
2024-08-27 15:05:26 [INFO] Build process completed.
2024-08-27 15:06:50 [INFO] Starting the BuildTool...
2024-08-27 15:06:50 [INFO] Scanning directory: C:\Users\Damien\CLionProjects\ACE\build-debug\Engine\Source\ArcadiaCore\Modules\BuildTool
2024-08-27 15:06:50 [INFO] Found subdirectory: C:\Users\Damien\CLionProjects\ACE\build-debug\Engine\Source\ArcadiaCore\Modules\BuildTool\CMakeFiles
2024-08-27 15:06:50 [INFO] Found subdirectory: C:\Users\Damien\CLionProjects\ACE\build-debug\Engine\Source\ArcadiaCore\Modules\BuildTool\CMakeFiles\BuildTool.dir
2024-08-27 15:06:50 [INFO] Found subdirectory: C:\Users\Damien\CLionProjects\ACE\build-debug\Engine\Source\ArcadiaCore\Modules\BuildTool\CMakeFiles\BuildTool.dir\Private
2024-08-27 15:06:50 [INFO] Build process completed.
2024-08-27 15:06:57 [INFO] Starting the BuildTool...
2024-08-27 15:06:57 [INFO] Scanning directory: C:\Users\Damien\CLionProjects\ACE\build-debug\Engine\Source\ArcadiaCore\Modules\BuildTool
2024-08-27 15:06:57 [INFO] Found subdirectory: C:\Users\Damien\CLionProjects\ACE\build-debug\Engine\Source\ArcadiaCore\Modules\BuildTool\CMakeFiles
2024-08-27 15:06:57 [INFO] Found subdirectory: C:\Users\Damien\CLionProjects\ACE\build-debug\Engine\Source\ArcadiaCore\Modules\BuildTool\CMakeFiles\BuildTool.dir
2024-08-27 15:06:57 [INFO] Found subdirectory: C:\Users\Damien\CLionProjects\ACE\build-debug\Engine\Source\ArcadiaCore\Modules\BuildTool\CMakeFiles\BuildTool.dir\Private
2024-08-27 15:06:57 [INFO] Build process completed.
2024-08-27 15:08:52 [INFO] Starting the BuildTool...
2024-08-27 15:08:52 [INFO] Scanning directory: C:\Users\Damien\CLionProjects\ACE\build-debug\Engine\Source\ArcadiaCore\Modules\BuildTool
2024-08-27 15:08:52 [INFO] Found subdirectory: C:\Users\Damien\CLionProjects\ACE\build-debug\Engine\Source\ArcadiaCore\Modules\BuildTool\CMakeFiles
2024-08-27 15:08:52 [INFO] Found subdirectory: C:\Users\Damien\CLionProjects\ACE\build-debug\Engine\Source\ArcadiaCore\Modules\BuildTool\CMakeFiles\BuildTool.dir
2024-08-27 15:08:52 [INFO] Found subdirectory: C:\Users\Damien\CLionProjects\ACE\build-debug\Engine\Source\ArcadiaCore\Modules\BuildTool\CMakeFiles\BuildTool.dir\Private
2024-08-27 15:08:52 [INFO] Build process completed.
2024-08-27 15:10:27 [INFO] Starting the BuildTool...
2024-08-27 15:10:27 [INFO] Scanning directory: C:\Users\Damien\CLionProjects\ACE\build-debug\Engine\Source\ArcadiaCore\Modules\BuildTool
2024-08-27 15:10:27 [INFO] Found subdirectory: C:\Users\Damien\CLionProjects\ACE\build-debug\Engine\Source\ArcadiaCore\Modules\BuildTool\CMakeFiles
2024-08-27 15:10:27 [INFO] Found subdirectory: C:\Users\Damien\CLionProjects\ACE\build-debug\Engine\Source\ArcadiaCore\Modules\BuildTool\CMakeFiles\BuildTool.dir
2024-08-27 15:10:27 [INFO] Found subdirectory: C:\Users\Damien\CLionProjects\ACE\build-debug\Engine\Source\ArcadiaCore\Modules\BuildTool\CMakeFiles\BuildTool.dir\Private
2024-08-27 15:10:27 [INFO] Build process completed.
2024-08-27 15:11:26 [INFO] Starting the BuildTool...
2024-08-27 15:11:26 [INFO] Scanning directory: C:\Users\Damien\CLionProjects\ACE\build-debug\Engine\Source\ArcadiaCore\Modules\BuildTool
2024-08-27 15:11:26 [INFO] Found subdirectory: C:\Users\Damien\CLionProjects\ACE\build-debug\Engine\Source\ArcadiaCore\Modules\BuildTool\CMakeFiles
2024-08-27 15:11:26 [INFO] Found subdirectory: C:\Users\Damien\CLionProjects\ACE\build-debug\Engine\Source\ArcadiaCore\Modules\BuildTool\CMakeFiles\BuildTool.dir
2024-08-27 15:11:26 [INFO] Found subdirectory: C:\Users\Damien\CLionProjects\ACE\build-debug\Engine\Source\ArcadiaCore\Modules\BuildTool\CMakeFiles\BuildTool.dir\Private
2024-08-27 15:11:26 [INFO] Build process completed.
